<?xml version="1.0" encoding="UTF-8"?>
<!-- Generated by org.testng.reporters.JUnitReportReporter -->
<testsuite skipped="0" hostname="LAPTOP-AVRRS09O" name="com.inetbanking.TestCases.TC_LoginTest_01" tests="1" failures="0" timestamp="28 Mar 2020 13:48:11 GMT" time="12.632" errors="0">
  <testcase name="LoginTest" time="12.632" classname="com.inetbanking.TestCases.TC_LoginTest_01"/>
</testsuite> <!-- com.inetbanking.TestCases.TC_LoginTest_01 -->
