<?xml version="1.0" encoding="UTF-8"?>
<!-- Generated by org.testng.reporters.JUnitReportReporter -->
<testsuite skipped="0" hostname="LAPTOP-AVRRS09O" name="com.inetbanking.TestCases.TC_AddCustomerTest_03" tests="1" failures="0" timestamp="28 Mar 2020 13:48:11 GMT" time="40.208" errors="0">
  <testcase name="addNewCustomer" time="40.208" classname="com.inetbanking.TestCases.TC_AddCustomerTest_03"/>
</testsuite> <!-- com.inetbanking.TestCases.TC_AddCustomerTest_03 -->
