<?xml version="1.0" encoding="UTF-8"?>
<!-- Generated by org.testng.reporters.JUnitReportReporter -->
<testsuite skipped="0" hostname="LAPTOP-AVRRS09O" name="com.inetbanking.TestCases.TC_LoginTest_01" tests="1" failures="0" timestamp="31 Mar 2020 11:13:53 GMT" time="38.958" errors="0">
  <testcase name="LoginTest" time="38.958" classname="com.inetbanking.TestCases.TC_LoginTest_01"/>
</testsuite> <!-- com.inetbanking.TestCases.TC_LoginTest_01 -->
